[GIN-debug] [WARNING] Running in "debug" mode. Switch to "release" mode in production.
 - using env:	export GIN_MODE=release
 - using code:	gin.SetMode(gin.ReleaseMode)

[GIN-debug] GET    /css/*filepath            --> github.com/gin-gonic/gin.(*RouterGroup).createStaticHandler.func1 (1 handlers)
[GIN-debug] HEAD   /css/*filepath            --> github.com/gin-gonic/gin.(*RouterGroup).createStaticHandler.func1 (1 handlers)
[GIN-debug] Loaded HTML Templates (4): 
	- 
	- footer.html
	- header.html
	- index.html

[GIN-debug] GET    /api/videos               --> main.main.func1 (5 handlers)
[GIN-debug] POST   /api/videos               --> main.main.func2 (5 handlers)
[GIN-debug] GET    /view/videos              --> github.com/GiorgiMakharadze/video-service-API-golang/controller.VideoController.ShowAll-fm (5 handlers)
[GIN-debug] [WARNING] You trusted all proxies, this is NOT safe. We recommend you to set a value.
Please check https://pkg.go.dev/github.com/gin-gonic/gin#readme-don-t-trust-all-proxies for details.
[GIN-debug] Listening and serving HTTP on :8080
::1 - [20 Sep 23 01:31 +04] GET / 404 179.308µs 
::1 - [20 Sep 23 01:31 +04] GET /api/views 404 3.56717ms 
::1 - [20 Sep 23 01:31 +04] GET /api/videos 200 238.508µs 
::1 - [20 Sep 23 01:31 +04] POST /api/videos 200 325.692µs 
::1 - [20 Sep 23 01:31 +04] GET /api/videos 200 185.811µs 
::1 - [20 Sep 23 01:31 +04] GET /api/videos 200 411.044µs 
::1 - [20 Sep 23 01:31 +04] GET /view/videos 200 538.76µs 
